home5/app/build/intermediates/manifest_merge_blame_file/debug/manifest-merger-blame-debug-report.txt
1<?xml version="1.0" encoding="utf-8"?>
2<manifest xmlns:android="http://schemas.android.com/apk/res/android"
3    package="com.example.home5"
4    android:versionCode="1"
5    android:versionName="1.0" >
6
7    <uses-sdk
8        android:minSdkVersion="22"
8-->src\main\AndroidManifest.xml
9        android:targetSdkVersion="30" />
9-->src\main\AndroidManifest.xml
10
11    <application
11-->src\main\AndroidManifest.xml:6:5-26:19
12        android:allowBackup="true"
12-->src\main\AndroidManifest.xml:7:9-35
13        android:appComponentFactory="androidx.core.app.CoreComponentFactory"
13-->[androidx.core:core:1.3.2] AndroidManifest.xml:24:18-86
14        android:debuggable="true"
15        android:icon="@mipmap/ic_launcher"
15-->src\main\AndroidManifest.xml:8:9-43
16        android:label="@string/app_name"
16-->src\main\AndroidManifest.xml:9:9-41
17        android:roundIcon="@mipmap/ic_launcher_round"
17-->src\main\AndroidManifest.xml:10:9-54
18        android:supportsRtl="true"
18-->src\main\AndroidManifest.xml:11:9-35
19        android:theme="@style/Theme.Settings" >
19-->src\main\AndroidManifest.xml:12:9-46
20        <activity
20-->src\main\AndroidManifest.xml:14:9-23:20
21            android:name="com.pobol.home5.MainActivity"
21-->src\main\AndroidManifest.xml:15:13-56
22            android:label="@string/title_activity_main"
22-->src\main\AndroidManifest.xml:16:13-56
23            android:theme="@style/Theme.Settings.NoActionBar" >
23-->src\main\AndroidManifest.xml:17:13-62
24            <intent-filter>
24-->src\main\AndroidManifest.xml:19:13-22:29
25                <action android:name="android.intent.action.MAIN" />
25-->src\main\AndroidManifest.xml:20:17-69
25-->src\main\AndroidManifest.xml:20:25-66
26
27                <category android:name="android.intent.category.LAUNCHER" />
27-->src\main\AndroidManifest.xml:21:17-77
27-->src\main\AndroidManifest.xml:21:27-74
28            </intent-filter>
29        </activity>
30        <activity android:name="com.pobol.home5.InstaActivity" />
30-->src\main\AndroidManifest.xml:24:9-65
30-->src\main\AndroidManifest.xml:24:19-63
31        <activity android:name="com.pobol.home5.PhotoClickActivity" />
31-->src\main\AndroidManifest.xml:25:9-70
31-->src\main\AndroidManifest.xml:25:19-68
32    </application>
33
34</manifest>